<?xml version="1.0" encoding="UTF-8"?>
<!-- Generated by org.testng.reporters.JUnitReportReporter -->
<testsuite hostname="LE15-HM8-IND" failures="0" tests="1" name="testcases.HomeTest" time="4.885" errors="0" timestamp="11 Sep 2022 06:23:26 GMT" skipped="0">
  <testcase classname="testcases.HomeTest" name="Test1" time="4.885"/>
</testsuite> <!-- testcases.HomeTest -->
