<?xml version="1.0" encoding="UTF-8"?>
<!-- Generated by org.testng.reporters.JUnitReportReporter -->
<testsuite hostname="LE15-HM8-IND" failures="0" tests="3" name="testcases.SimplilearnLoginTest" time="43.119" errors="0" timestamp="11 Sep 2022 06:23:26 GMT" skipped="0">
  <testcase classname="testcases.SimplilearnLoginTest" name="Test1" time="15.619"/>
  <testcase classname="testcases.SimplilearnLoginTest" name="Test3" time="17.482"/>
  <testcase classname="testcases.SimplilearnLoginTest" name="Test2" time="10.018"/>
</testsuite> <!-- testcases.SimplilearnLoginTest -->
