<?xml version="1.0" encoding="UTF-8"?>
<!-- Generated by org.testng.reporters.JUnitReportReporter -->
<testsuite hostname="LE15-HM8-IND" failures="0" tests="1" name="testcases.HomeTest" time="4.121" errors="0" timestamp="2022-09-11T10:57:52 IST" skipped="0">
  <testcase classname="testcases.HomeTest" name="Test1" time="4.121"/>
  <system-out/>
</testsuite> <!-- testcases.HomeTest -->
