<?xml version="1.0" encoding="UTF-8"?>
<!-- Generated by org.testng.reporters.JUnitReportReporter -->
<testsuite hostname="LE15-HM8-IND" failures="0" tests="3" name="testcases.SimplilearnLoginTest" time="43.027" errors="0" timestamp="2022-09-11T10:57:52 IST" skipped="0">
  <testcase classname="testcases.SimplilearnLoginTest" name="Test3" time="14.546"/>
  <system-out/>
  <testcase classname="testcases.SimplilearnLoginTest" name="Test2" time="10.412"/>
  <system-out/>
  <testcase classname="testcases.SimplilearnLoginTest" name="Test1" time="18.069"/>
  <system-out/>
</testsuite> <!-- testcases.SimplilearnLoginTest -->
