<?xml version="1.0" encoding="UTF-8"?>
<!-- Generated by org.testng.reporters.JUnitReportReporter -->
<testsuite hostname="LE15-HM8-IND" failures="0" tests="3" name="testcases.SimplilearnLoginTest" time="85.467" errors="0" timestamp="18 Sep 2022 06:19:45 GMT" skipped="0">
  <testcase classname="testcases.SimplilearnLoginTest" name="Test1" time="36.738"/>
  <testcase classname="testcases.SimplilearnLoginTest" name="Test2" time="17.244"/>
  <testcase classname="testcases.SimplilearnLoginTest" name="Test3" time="31.485"/>
</testsuite> <!-- testcases.SimplilearnLoginTest -->
