<?xml version="1.0" encoding="UTF-8"?>
<!-- Generated by org.testng.reporters.JUnitReportReporter -->
<testsuite skipped="0" hostname="LE15-HM8-IND" name="testcases.HomeTest" tests="1" failures="0" timestamp="2022-09-11T10:37:17 IST" time="5.374" errors="0">
  <testcase name="Test1" time="5.374" classname="testcases.HomeTest"/>
  <system-out/>
</testsuite> <!-- testcases.HomeTest -->
